
4.12.2021, 10:35:35

Operating System
  Name                        = Fedora
  Version                     = 34
  Architecture                = 64bit
  # CPUs                      = 12
  Memory                      = 16367513600

Node.js
  Node.js Version             = 14.18.1
  npm Version                 = 8.1.1

Titanium CLI
  CLI Version                 = 5.4.0

Titanium SDK
  SDK Version                 = 10.1.1.GA
  SDK Path                    = /home/miga/.titanium/mobilesdk/linux/10.1.1.GA
  Target Platform             = android

Command
  /usr/bin/node /usr/local/bin/ti clean

[DEBUG]  Deleting /home/miga/dev/ti.popover/android/build/.gradle
[DEBUG]  Deleting /home/miga/dev/ti.popover/android/build/.idea
[DEBUG]  Deleting /home/miga/dev/ti.popover/android/build/build
[DEBUG]  Deleting /home/miga/dev/ti.popover/android/build/build.gradle
[DEBUG]  Deleting /home/miga/dev/ti.popover/android/build/build_android.log
[DEBUG]  Deleting /home/miga/dev/ti.popover/android/build/gradle
[DEBUG]  Deleting /home/miga/dev/ti.popover/android/build/gradle.properties
[DEBUG]  Deleting /home/miga/dev/ti.popover/android/build/gradlew
[DEBUG]  Deleting /home/miga/dev/ti.popover/android/build/gradlew.bat
[DEBUG]  Deleting /home/miga/dev/ti.popover/android/build/local.properties
[DEBUG]  Deleting /home/miga/dev/ti.popover/android/build/module
[DEBUG]  Deleting /home/miga/dev/ti.popover/android/build/settings.gradle
[DEBUG]  Deleting /home/miga/dev/ti.popover/android/build/ti.constants.gradle
[DEBUG]  Deleting /home/miga/dev/ti.popover/android/dist